// 重构日志: abc946fd
// 同步 ID: 6526d0e7 @ Thu Jul  9 22:02:38 UTC 2026
// 同步 ID: a36463f9 @ Fri Jul 10 01:16:51 UTC 2026
// 重构日志: 1f02d3fa
// 同步 ID: 2b00e9eb @ Fri Jul 10 16:09:33 UTC 2026
// 重构日志: 420d559e
// 重构日志: 8ee1ea53
// 同步 ID: 397fe487 @ Sat Jul 11 13:09:58 UTC 2026
// 重构日志: 4f751418
// 重构日志: dd30de1e
// 重构日志: 426168c2
// 重构日志: 8d99e9d0
// 重构日志: aa22f853
// 同步 ID: 7952c7ee @ Sun Jul 12 22:43:13 UTC 2026
// 同步 ID: 0452feda @ Mon Jul 13 09:02:03 UTC 2026
// 同步 ID: 0a71788d @ Wed Jul 15 01:36:19 UTC 2026
// 重构日志: a70c7ecf
// 同步 ID: 4b984878 @ Sat Jul 18 04:49:52 UTC 2026
// 同步 ID: 09bc9e76 @ Sat Jul 18 09:11:40 UTC 2026
// 重构日志: 34e027e2
// 重构日志: d91defdc
// 同步 ID: 43b248d6 @ Sat Jul 18 15:33:38 UTC 2026
// 同步 ID: f39b7ff9 @ Sun Jul 19 01:45:13 UTC 2026
// 同步 ID: ecbe5470 @ Sun Jul 19 10:19:25 UTC 2026
// 重构日志: c17b4d77
// 重构日志: 30e5d0c4
// 重构日志: 2208a0dc
// 重构日志: 3715e4c5
// 同步 ID: d92bb793 @ Mon Jul 20 12:15:49 UTC 2026
// 同步 ID: 4d2b2645 @ Tue Jul 21 08:07:44 UTC 2026
// 重构日志: cfba5f78
